Using pre-set license
Built from '2021.1/staging' branch; Version is '2021.1.6f1 (c0fade0cc7e9) revision 12647134'; Using compiler version '192528614'; Build Type 'Release'
OS: 'Windows 10 Home; OS build 19043.1165; Version 2009; 64bit' Language: 'en' Physical Memory: 16316 MB
BatchMode: 1, IsHumanControllingUs: 0, StartBugReporterOnCrash: 0, Is64bit: 1, IsPro: 0

 COMMAND LINE ARGUMENTS:
C:\Program Files\Unity\Hub\Editor\2021.1.6f1\Editor\Unity.exe
-adb2
-batchMode
-noUpm
-name
AssetImportWorker0
-projectPath
E:/Unity/VGP141 - Programming Fundamentals 2/VGP141L06
-logFile
Logs/AssetImportWorker0.log
-srvPort
63930
Successfully changed project path to: E:/Unity/VGP141 - Programming Fundamentals 2/VGP141L06
E:/Unity/VGP141 - Programming Fundamentals 2/VGP141L06
Using Asset Import Pipeline V2.
Refreshing native plugins compatible for Editor in 71.29 ms, found 1 plugins.
Preloading 0 native plugins for Editor in 0.00 ms.
Initialize engine version: 2021.1.6f1 (c0fade0cc7e9)
[Subsystems] Discovering subsystems at path C:/Program Files/Unity/Hub/Editor/2021.1.6f1/Editor/Data/Resources/UnitySubsystems
[Subsystems] Discovering subsystems at path E:/Unity/VGP141 - Programming Fundamentals 2/VGP141L06/Assets
GfxDevice: creating device client; threaded=0; jobified=0
Direct3D:
    Version:  Direct3D 11.0 [level 11.1]
    Renderer: NVIDIA GeForce GTX 1080 (ID=0x1b80)
    Vendor:   NVIDIA
    VRAM:     8079 MB
    Driver:   30.0.14.7196
Initialize mono
Mono path[0] = 'C:/Program Files/Unity/Hub/Editor/2021.1.6f1/Editor/Data/Managed'
Mono path[1] = 'C:/Program Files/Unity/Hub/Editor/2021.1.6f1/Editor/Data/MonoBleedingEdge/lib/mono/unityjit'
Mono config path = 'C:/Program Files/Unity/Hub/Editor/2021.1.6f1/Editor/Data/MonoBleedingEdge/etc'
Using monoOptions --debugger-agent=transport=dt_socket,embedding=1,server=y,suspend=n,address=127.0.0.1:56432
Begin MonoManager ReloadAssembly
Registering precompiled unity dll's ...
Register platform support module: C:/Program Files/Unity/Hub/Editor/2021.1.6f1/Editor/Data/PlaybackEngines/WindowsStandaloneSupport/UnityEditor.WindowsStandalone.Extensions.dll
Registered in 0.002231 seconds.
Native extension for WindowsStandalone target not found
Refreshing native plugins compatible for Editor in 145.49 ms, found 1 plugins.
Preloading 0 native plugins for Editor in 0.00 ms.
Mono: successfully reloaded assembly
- Completed reload, in  1.745 seconds
Platform modules already initialized, skipping
Registering precompiled user dll's ...
Registered in 0.003790 seconds.
Begin MonoManager ReloadAssembly
Native extension for WindowsStandalone target not found
Refreshing native plugins compatible for Editor in 0.59 ms, found 1 plugins.
Preloading 0 native plugins for Editor in 0.00 ms.
Mono: successfully reloaded assembly
- Completed reload, in  1.071 seconds
Platform modules already initialized, skipping
========================================================================
Worker process is ready to serve import requests
Launched and connected shader compiler UnityShaderCompiler.exe after 0.05 seconds
Refreshing native plugins compatible for Editor in 0.41 ms, found 1 plugins.
Preloading 0 native plugins for Editor in 0.00 ms.
Unloading 2671 Unused Serialized files (Serialized files now loaded: 0)
System memory in use before: 98.4 MB.
System memory in use after: 98.6 MB.

Unloading 15 unused Assets to reduce memory usage. Loaded Objects now: 3124.
Total: 1.722500 ms (FindLiveObjects: 0.225500 ms CreateObjectMapping: 0.176500 ms MarkObjects: 1.262400 ms  DeleteObjects: 0.057300 ms)

========================================================================
Received Import Request.
  path: Assets/Scripts/Enemy.cs
  artifactKey: Guid(f7184fd0cdd3a8749ae51a1475cd8367) Importer(815301076,1909f56bfc062723c751e8b465ee728b)
Start importing Assets/Scripts/Enemy.cs using Guid(f7184fd0cdd3a8749ae51a1475cd8367) Importer(815301076,1909f56bfc062723c751e8b465ee728b)  -> (artifact id: 'f571c8135dab5f752058958fdad190ef') in 0.035903 seconds 
========================================================================
Received Prepare
Refreshing native plugins compatible for Editor in 1.97 ms, found 1 plugins.
Preloading 0 native plugins for Editor in 0.00 ms.
Unloading 8 Unused Serialized files (Serialized files now loaded: 0)
System memory in use before: 45.5 MB.
System memory in use after: 45.7 MB.

Unloading 8 unused Assets to reduce memory usage. Loaded Objects now: 3124.
Total: 2.233400 ms (FindLiveObjects: 0.173600 ms CreateObjectMapping: 0.094900 ms MarkObjects: 1.924400 ms  DeleteObjects: 0.039700 ms)

========================================================================
Received Import Request.
  Time since last request: 351.989859 seconds.
  path: Assets/Scripts/PlayerProjectile.cs
  artifactKey: Guid(73bd36e810be5d046bbbb92d35cbe561) Importer(815301076,1909f56bfc062723c751e8b465ee728b)
Start importing Assets/Scripts/PlayerProjectile.cs using Guid(73bd36e810be5d046bbbb92d35cbe561) Importer(815301076,1909f56bfc062723c751e8b465ee728b)  -> (artifact id: '6d1cada39b24b904ad000f261fd5d070') in 0.006847 seconds 
========================================================================
Received Prepare
Registering precompiled user dll's ...
Registered in 0.004722 seconds.
Begin MonoManager ReloadAssembly
Native extension for WindowsStandalone target not found
Refreshing native plugins compatible for Editor in 0.68 ms, found 1 plugins.
Preloading 0 native plugins for Editor in 0.00 ms.
Mono: successfully reloaded assembly
- Completed reload, in  1.659 seconds
Platform modules already initialized, skipping
Refreshing native plugins compatible for Editor in 0.61 ms, found 1 plugins.
Preloading 0 native plugins for Editor in 0.00 ms.
Unloading 2667 Unused Serialized files (Serialized files now loaded: 0)
System memory in use before: 98.4 MB.
System memory in use after: 98.6 MB.

Unloading 10 unused Assets to reduce memory usage. Loaded Objects now: 3128.
Total: 4.224800 ms (FindLiveObjects: 0.268000 ms CreateObjectMapping: 0.143400 ms MarkObjects: 3.728300 ms  DeleteObjects: 0.083500 ms)

========================================================================
Received Prepare
Registering precompiled user dll's ...
Registered in 0.002594 seconds.
Begin MonoManager ReloadAssembly
Native extension for WindowsStandalone target not found
Refreshing native plugins compatible for Editor in 0.38 ms, found 1 plugins.
Preloading 0 native plugins for Editor in 0.00 ms.
Mono: successfully reloaded assembly
- Completed reload, in  0.890 seconds
Platform modules already initialized, skipping
Refreshing native plugins compatible for Editor in 0.65 ms, found 1 plugins.
Preloading 0 native plugins for Editor in 0.00 ms.
Unloading 2667 Unused Serialized files (Serialized files now loaded: 0)
System memory in use before: 98.4 MB.
System memory in use after: 98.6 MB.

Unloading 10 unused Assets to reduce memory usage. Loaded Objects now: 3131.
Total: 2.903000 ms (FindLiveObjects: 0.480600 ms CreateObjectMapping: 0.274000 ms MarkObjects: 2.103000 ms  DeleteObjects: 0.044300 ms)

========================================================================
Received Import Request.
  Time since last request: 78.381815 seconds.
  path: Assets/Scripts/PlayerProjectile.cs
  artifactKey: Guid(73bd36e810be5d046bbbb92d35cbe561) Importer(815301076,1909f56bfc062723c751e8b465ee728b)
Start importing Assets/Scripts/PlayerProjectile.cs using Guid(73bd36e810be5d046bbbb92d35cbe561) Importer(815301076,1909f56bfc062723c751e8b465ee728b)  -> (artifact id: '6276664b2cad93f2a273de3da5098374') in 0.008861 seconds 
========================================================================
Received Import Request.
  Time since last request: 0.929665 seconds.
  path: Assets/Prefabs/Projectile/PlayerProjectile.prefab
  artifactKey: Guid(625f6300d3efb384d9fd1ef931d95206) Importer(815301076,1909f56bfc062723c751e8b465ee728b)
Start importing Assets/Prefabs/Projectile/PlayerProjectile.prefab using Guid(625f6300d3efb384d9fd1ef931d95206) Importer(815301076,1909f56bfc062723c751e8b465ee728b)  -> (artifact id: '9e21ffc40c712b30c3161b493d710a03') in 0.098981 seconds 
========================================================================
Received Prepare
Registering precompiled user dll's ...
Registered in 0.002719 seconds.
Begin MonoManager ReloadAssembly
Native extension for WindowsStandalone target not found
Refreshing native plugins compatible for Editor in 0.47 ms, found 1 plugins.
Preloading 0 native plugins for Editor in 0.00 ms.
Mono: successfully reloaded assembly
- Completed reload, in  0.857 seconds
Platform modules already initialized, skipping
Refreshing native plugins compatible for Editor in 0.47 ms, found 1 plugins.
Preloading 0 native plugins for Editor in 0.00 ms.
Unloading 2667 Unused Serialized files (Serialized files now loaded: 0)
System memory in use before: 102.2 MB.
System memory in use after: 102.4 MB.

Unloading 10 unused Assets to reduce memory usage. Loaded Objects now: 3142.
Total: 2.554100 ms (FindLiveObjects: 0.338100 ms CreateObjectMapping: 0.122700 ms MarkObjects: 2.054300 ms  DeleteObjects: 0.037600 ms)

========================================================================
Received Import Request.
  Time since last request: 123.898106 seconds.
  path: Assets/Scripts/PlayerProjectile.cs
  artifactKey: Guid(73bd36e810be5d046bbbb92d35cbe561) Importer(815301076,1909f56bfc062723c751e8b465ee728b)
Start importing Assets/Scripts/PlayerProjectile.cs using Guid(73bd36e810be5d046bbbb92d35cbe561) Importer(815301076,1909f56bfc062723c751e8b465ee728b)  -> (artifact id: '7948e779124be8bac241e2b7c4ffdf16') in 0.005656 seconds 
========================================================================
Received Prepare
Registering precompiled user dll's ...
Registered in 0.004675 seconds.
Begin MonoManager ReloadAssembly
Native extension for WindowsStandalone target not found
Refreshing native plugins compatible for Editor in 0.39 ms, found 1 plugins.
Preloading 0 native plugins for Editor in 0.00 ms.
Mono: successfully reloaded assembly
- Completed reload, in  1.135 seconds
Platform modules already initialized, skipping
Refreshing native plugins compatible for Editor in 0.61 ms, found 1 plugins.
Preloading 0 native plugins for Editor in 0.00 ms.
Unloading 2666 Unused Serialized files (Serialized files now loaded: 0)
System memory in use before: 102.2 MB.
System memory in use after: 102.4 MB.

Unloading 11 unused Assets to reduce memory usage. Loaded Objects now: 3144.
Total: 4.472200 ms (FindLiveObjects: 0.307700 ms CreateObjectMapping: 0.189800 ms MarkObjects: 3.924500 ms  DeleteObjects: 0.048800 ms)

========================================================================
Received Import Request.
  Time since last request: 39.977055 seconds.
  path: Assets/Scripts/Enemy.cs
  artifactKey: Guid(f7184fd0cdd3a8749ae51a1475cd8367) Importer(815301076,1909f56bfc062723c751e8b465ee728b)
Start importing Assets/Scripts/Enemy.cs using Guid(f7184fd0cdd3a8749ae51a1475cd8367) Importer(815301076,1909f56bfc062723c751e8b465ee728b)  -> (artifact id: '7ba0ecc519c50754ab95144907b03d11') in 0.026550 seconds 
========================================================================
Received Import Request.
  Time since last request: 508.900829 seconds.
  path: Assets/Prefabs/Projectile/PlayerProjectile 1.prefab
  artifactKey: Guid(ea1d69372493f5743bb7c4165a6e5df8) Importer(815301076,1909f56bfc062723c751e8b465ee728b)
Start importing Assets/Prefabs/Projectile/PlayerProjectile 1.prefab using Guid(ea1d69372493f5743bb7c4165a6e5df8) Importer(815301076,1909f56bfc062723c751e8b465ee728b)  -> (artifact id: 'd5fb7e8ef067f682d8395fd2b63e11c8') in 0.059632 seconds 
========================================================================
Received Import Request.
  Time since last request: 7.148907 seconds.
  path: Assets/Prefabs/Projectile/EnemyProjectile.prefab
  artifactKey: Guid(ea1d69372493f5743bb7c4165a6e5df8) Importer(815301076,1909f56bfc062723c751e8b465ee728b)
Start importing Assets/Prefabs/Projectile/EnemyProjectile.prefab using Guid(ea1d69372493f5743bb7c4165a6e5df8) Importer(815301076,1909f56bfc062723c751e8b465ee728b)  -> (artifact id: 'a3682297fd0414d0960006b9e289eca2') in 0.092761 seconds 
========================================================================
Received Import Request.
  Time since last request: 52.017373 seconds.
  path: Assets/Prefabs/Enemy/Enemy.prefab
  artifactKey: Guid(78be242c7bc52bc4dac519d5ce6d5a41) Importer(815301076,1909f56bfc062723c751e8b465ee728b)
Start importing Assets/Prefabs/Enemy/Enemy.prefab using Guid(78be242c7bc52bc4dac519d5ce6d5a41) Importer(815301076,1909f56bfc062723c751e8b465ee728b)  -> (artifact id: 'cd05cf09c104df2adc021389f0a063ec') in 0.019010 seconds 
========================================================================
Received Import Request.
  Time since last request: 47.793835 seconds.
  path: Assets/Prefabs/Enemy/Enemy.prefab
  artifactKey: Guid(78be242c7bc52bc4dac519d5ce6d5a41) Importer(815301076,1909f56bfc062723c751e8b465ee728b)
Start importing Assets/Prefabs/Enemy/Enemy.prefab using Guid(78be242c7bc52bc4dac519d5ce6d5a41) Importer(815301076,1909f56bfc062723c751e8b465ee728b)  -> (artifact id: 'e6334527afee34650e61091f358a0d1f') in 0.025919 seconds 
========================================================================
Received Prepare
Registering precompiled user dll's ...
Registered in 0.002223 seconds.
Begin MonoManager ReloadAssembly
Native extension for WindowsStandalone target not found
Refreshing native plugins compatible for Editor in 0.42 ms, found 1 plugins.
Preloading 0 native plugins for Editor in 0.00 ms.
Mono: successfully reloaded assembly
- Completed reload, in  0.840 seconds
Platform modules already initialized, skipping
Refreshing native plugins compatible for Editor in 0.43 ms, found 1 plugins.
Preloading 0 native plugins for Editor in 0.00 ms.
Unloading 2666 Unused Serialized files (Serialized files now loaded: 0)
System memory in use before: 102.2 MB.
System memory in use after: 102.4 MB.

Unloading 10 unused Assets to reduce memory usage. Loaded Objects now: 3149.
Total: 2.009000 ms (FindLiveObjects: 0.185000 ms CreateObjectMapping: 0.108100 ms MarkObjects: 1.677700 ms  DeleteObjects: 0.036800 ms)

========================================================================
Received Import Request.
  Time since last request: 19.370163 seconds.
  path: Assets/Prefabs/Enemy/Enemy.prefab
  artifactKey: Guid(78be242c7bc52bc4dac519d5ce6d5a41) Importer(815301076,1909f56bfc062723c751e8b465ee728b)
Start importing Assets/Prefabs/Enemy/Enemy.prefab using Guid(78be242c7bc52bc4dac519d5ce6d5a41) Importer(815301076,1909f56bfc062723c751e8b465ee728b)  -> (artifact id: '011eaf9f6da9bc5bcbc8fe82a4c2a43a') in 0.059015 seconds 
========================================================================
Received Prepare
Registering precompiled user dll's ...
Registered in 0.002314 seconds.
Begin MonoManager ReloadAssembly
Native extension for WindowsStandalone target not found
Refreshing native plugins compatible for Editor in 0.39 ms, found 1 plugins.
Preloading 0 native plugins for Editor in 0.00 ms.
Mono: successfully reloaded assembly
- Completed reload, in  0.848 seconds
Platform modules already initialized, skipping
Refreshing native plugins compatible for Editor in 0.44 ms, found 1 plugins.
Preloading 0 native plugins for Editor in 0.00 ms.
Unloading 2666 Unused Serialized files (Serialized files now loaded: 0)
System memory in use before: 102.2 MB.
System memory in use after: 102.4 MB.

Unloading 10 unused Assets to reduce memory usage. Loaded Objects now: 3153.
Total: 1.645700 ms (FindLiveObjects: 0.177900 ms CreateObjectMapping: 0.113100 ms MarkObjects: 1.308900 ms  DeleteObjects: 0.044900 ms)

========================================================================
Received Import Request.
  Time since last request: 268.669139 seconds.
  path: Assets/Prefabs/Player
  artifactKey: Guid(3485898cb7076e545952737fa36cf7f9) Importer(815301076,1909f56bfc062723c751e8b465ee728b)
Start importing Assets/Prefabs/Player using Guid(3485898cb7076e545952737fa36cf7f9) Importer(815301076,1909f56bfc062723c751e8b465ee728b)  -> (artifact id: 'b479806f1365e0799f433d3b7daf6451') in 0.008867 seconds 
========================================================================
Received Import Request.
  Time since last request: 7.271771 seconds.
  path: Assets/Prefabs/Player/Player.prefab
  artifactKey: Guid(6943cd4c188cd20479c9733b56787f30) Importer(815301076,1909f56bfc062723c751e8b465ee728b)
Start importing Assets/Prefabs/Player/Player.prefab using Guid(6943cd4c188cd20479c9733b56787f30) Importer(815301076,1909f56bfc062723c751e8b465ee728b)  -> (artifact id: 'e2de5fe0050d76deafac6393c55085cd') in 0.067177 seconds 
========================================================================
Received Import Request.
  Time since last request: 2.424852 seconds.
  path: Assets/Prefabs/Enemy/Enemy.prefab
  artifactKey: Guid(78be242c7bc52bc4dac519d5ce6d5a41) Importer(815301076,1909f56bfc062723c751e8b465ee728b)
Start importing Assets/Prefabs/Enemy/Enemy.prefab using Guid(78be242c7bc52bc4dac519d5ce6d5a41) Importer(815301076,1909f56bfc062723c751e8b465ee728b)  -> (artifact id: 'bfdcc5b573a16d939a6b86862d314ea4') in 0.023218 seconds 
========================================================================
Received Prepare
Registering precompiled user dll's ...
Registered in 0.003274 seconds.
Begin MonoManager ReloadAssembly
Native extension for WindowsStandalone target not found
Refreshing native plugins compatible for Editor in 0.40 ms, found 1 plugins.
Preloading 0 native plugins for Editor in 0.00 ms.
Mono: successfully reloaded assembly
- Completed reload, in  0.778 seconds
Platform modules already initialized, skipping
Refreshing native plugins compatible for Editor in 0.37 ms, found 1 plugins.
Preloading 0 native plugins for Editor in 0.00 ms.
Unloading 2666 Unused Serialized files (Serialized files now loaded: 0)
System memory in use before: 102.3 MB.
System memory in use after: 102.5 MB.

Unloading 10 unused Assets to reduce memory usage. Loaded Objects now: 3158.
Total: 1.589300 ms (FindLiveObjects: 0.197900 ms CreateObjectMapping: 0.109300 ms MarkObjects: 1.246600 ms  DeleteObjects: 0.034600 ms)

========================================================================
Received Import Request.
  Time since last request: 149.340922 seconds.
  path: Assets/Prefabs/Enemy/Enemy.prefab
  artifactKey: Guid(78be242c7bc52bc4dac519d5ce6d5a41) Importer(815301076,1909f56bfc062723c751e8b465ee728b)
Start importing Assets/Prefabs/Enemy/Enemy.prefab using Guid(78be242c7bc52bc4dac519d5ce6d5a41) Importer(815301076,1909f56bfc062723c751e8b465ee728b)  -> (artifact id: 'd075079016f5fc7cca820e0dfb6b4c3d') in 0.056135 seconds 
========================================================================
Received Import Request.
  Time since last request: 11.013672 seconds.
  path: Assets/Prefabs/Projectile/EnemyProjectile.prefab
  artifactKey: Guid(ea1d69372493f5743bb7c4165a6e5df8) Importer(815301076,1909f56bfc062723c751e8b465ee728b)
Start importing Assets/Prefabs/Projectile/EnemyProjectile.prefab using Guid(ea1d69372493f5743bb7c4165a6e5df8) Importer(815301076,1909f56bfc062723c751e8b465ee728b)  -> (artifact id: 'd03fb18b432d5501ad42503405c62052') in 0.010010 seconds 
========================================================================
Received Import Request.
  Time since last request: 4.458436 seconds.
  path: ProjectSettings/TagManager.asset
  artifactKey: Guid(00000000000000003000000000000000) Importer(815301076,1909f56bfc062723c751e8b465ee728b)
Start importing ProjectSettings/TagManager.asset using Guid(00000000000000003000000000000000) Importer(815301076,1909f56bfc062723c751e8b465ee728b)  -> (artifact id: '493e17f1141ea3bbec101562b913fa2a') in 0.009040 seconds 
========================================================================
Received Import Request.
  Time since last request: 9.967691 seconds.
  path: Assets/Prefabs/Projectile/EnemyProjectile.prefab
  artifactKey: Guid(ea1d69372493f5743bb7c4165a6e5df8) Importer(815301076,1909f56bfc062723c751e8b465ee728b)
Start importing Assets/Prefabs/Projectile/EnemyProjectile.prefab using Guid(ea1d69372493f5743bb7c4165a6e5df8) Importer(815301076,1909f56bfc062723c751e8b465ee728b)  -> (artifact id: 'e769a22eaef13e9b1a92eff3ac22a95c') in 0.009354 seconds 
========================================================================
Received Prepare
Registering precompiled user dll's ...
Registered in 0.002514 seconds.
Begin MonoManager ReloadAssembly
Native extension for WindowsStandalone target not found
Refreshing native plugins compatible for Editor in 0.61 ms, found 1 plugins.
Preloading 0 native plugins for Editor in 0.00 ms.
Mono: successfully reloaded assembly
- Completed reload, in  0.860 seconds
Platform modules already initialized, skipping
Refreshing native plugins compatible for Editor in 0.39 ms, found 1 plugins.
Preloading 0 native plugins for Editor in 0.00 ms.
Unloading 2666 Unused Serialized files (Serialized files now loaded: 0)
System memory in use before: 102.3 MB.
System memory in use after: 102.5 MB.

Unloading 11 unused Assets to reduce memory usage. Loaded Objects now: 3162.
Total: 2.518300 ms (FindLiveObjects: 0.174500 ms CreateObjectMapping: 0.105600 ms MarkObjects: 2.174100 ms  DeleteObjects: 0.062700 ms)

========================================================================
Received Prepare
Registering precompiled user dll's ...
Registered in 0.002744 seconds.
Begin MonoManager ReloadAssembly
Native extension for WindowsStandalone target not found
Refreshing native plugins compatible for Editor in 0.49 ms, found 1 plugins.
Preloading 0 native plugins for Editor in 0.00 ms.
Mono: successfully reloaded assembly
- Completed reload, in  1.175 seconds
Platform modules already initialized, skipping
Refreshing native plugins compatible for Editor in 0.58 ms, found 1 plugins.
Preloading 0 native plugins for Editor in 0.00 ms.
Unloading 2666 Unused Serialized files (Serialized files now loaded: 0)
System memory in use before: 102.3 MB.
System memory in use after: 102.5 MB.

Unloading 10 unused Assets to reduce memory usage. Loaded Objects now: 3165.
Total: 2.650300 ms (FindLiveObjects: 0.295100 ms CreateObjectMapping: 0.166200 ms MarkObjects: 2.147800 ms  DeleteObjects: 0.039700 ms)

========================================================================
Received Prepare
Registering precompiled user dll's ...
Registered in 0.002458 seconds.
Begin MonoManager ReloadAssembly
Native extension for WindowsStandalone target not found
Refreshing native plugins compatible for Editor in 0.56 ms, found 1 plugins.
Preloading 0 native plugins for Editor in 0.00 ms.
Mono: successfully reloaded assembly
- Completed reload, in  0.872 seconds
Platform modules already initialized, skipping
Refreshing native plugins compatible for Editor in 0.53 ms, found 1 plugins.
Preloading 0 native plugins for Editor in 0.00 ms.
Unloading 2666 Unused Serialized files (Serialized files now loaded: 0)
System memory in use before: 102.3 MB.
System memory in use after: 102.5 MB.

Unloading 10 unused Assets to reduce memory usage. Loaded Objects now: 3168.
Total: 1.639100 ms (FindLiveObjects: 0.199100 ms CreateObjectMapping: 0.109100 ms MarkObjects: 1.278500 ms  DeleteObjects: 0.051400 ms)

========================================================================
Received Import Request.
  Time since last request: 874.329497 seconds.
  path: Assets/Prefabs/Enemy/Enemy.prefab
  artifactKey: Guid(78be242c7bc52bc4dac519d5ce6d5a41) Importer(815301076,1909f56bfc062723c751e8b465ee728b)
Start importing Assets/Prefabs/Enemy/Enemy.prefab using Guid(78be242c7bc52bc4dac519d5ce6d5a41) Importer(815301076,1909f56bfc062723c751e8b465ee728b)  -> (artifact id: '621147edcacd5cfeb0a090dd0638977b') in 0.054205 seconds 
========================================================================
Received Prepare
Registering precompiled user dll's ...
Registered in 0.003224 seconds.
Begin MonoManager ReloadAssembly
Native extension for WindowsStandalone target not found
Refreshing native plugins compatible for Editor in 0.38 ms, found 1 plugins.
Preloading 0 native plugins for Editor in 0.00 ms.
Mono: successfully reloaded assembly
- Completed reload, in  0.939 seconds
Platform modules already initialized, skipping
Refreshing native plugins compatible for Editor in 0.74 ms, found 1 plugins.
Preloading 0 native plugins for Editor in 0.00 ms.
Unloading 2666 Unused Serialized files (Serialized files now loaded: 0)
System memory in use before: 102.3 MB.
System memory in use after: 102.5 MB.

Unloading 10 unused Assets to reduce memory usage. Loaded Objects now: 3172.
Total: 2.343700 ms (FindLiveObjects: 0.179600 ms CreateObjectMapping: 0.114000 ms MarkObjects: 1.998800 ms  DeleteObjects: 0.050400 ms)

========================================================================
Received Import Request.
  Time since last request: 317.876320 seconds.
  path: Assets/Prefabs/Enemy/Enemy.prefab
  artifactKey: Guid(78be242c7bc52bc4dac519d5ce6d5a41) Importer(815301076,1909f56bfc062723c751e8b465ee728b)
Start importing Assets/Prefabs/Enemy/Enemy.prefab using Guid(78be242c7bc52bc4dac519d5ce6d5a41) Importer(815301076,1909f56bfc062723c751e8b465ee728b)  -> (artifact id: '789e67df66769e228c1498ee7c0fc28f') in 0.067330 seconds 
========================================================================
Received Prepare
Registering precompiled user dll's ...
Registered in 0.004016 seconds.
Begin MonoManager ReloadAssembly
Native extension for WindowsStandalone target not found
Refreshing native plugins compatible for Editor in 1.06 ms, found 1 plugins.
Preloading 0 native plugins for Editor in 0.00 ms.
Mono: successfully reloaded assembly
- Completed reload, in  1.078 seconds
Platform modules already initialized, skipping
Refreshing native plugins compatible for Editor in 0.57 ms, found 1 plugins.
Preloading 0 native plugins for Editor in 0.00 ms.
Unloading 2666 Unused Serialized files (Serialized files now loaded: 0)
System memory in use before: 102.3 MB.
System memory in use after: 102.5 MB.

Unloading 10 unused Assets to reduce memory usage. Loaded Objects now: 3176.
Total: 2.102400 ms (FindLiveObjects: 0.173600 ms CreateObjectMapping: 0.154200 ms MarkObjects: 1.736100 ms  DeleteObjects: 0.037400 ms)

========================================================================
Received Prepare
Registering precompiled user dll's ...
Registered in 0.003019 seconds.
Begin MonoManager ReloadAssembly
Native extension for WindowsStandalone target not found
Refreshing native plugins compatible for Editor in 0.39 ms, found 1 plugins.
Preloading 0 native plugins for Editor in 0.00 ms.
Mono: successfully reloaded assembly
- Completed reload, in  0.957 seconds
Platform modules already initialized, skipping
Refreshing native plugins compatible for Editor in 0.55 ms, found 1 plugins.
Preloading 0 native plugins for Editor in 0.00 ms.
Unloading 2666 Unused Serialized files (Serialized files now loaded: 0)
System memory in use before: 102.3 MB.
System memory in use after: 102.5 MB.

Unloading 10 unused Assets to reduce memory usage. Loaded Objects now: 3179.
Total: 2.535400 ms (FindLiveObjects: 0.256900 ms CreateObjectMapping: 0.130600 ms MarkObjects: 2.094500 ms  DeleteObjects: 0.052100 ms)

========================================================================
Received Prepare
Registering precompiled user dll's ...
Registered in 0.002693 seconds.
Begin MonoManager ReloadAssembly
Native extension for WindowsStandalone target not found
Refreshing native plugins compatible for Editor in 0.63 ms, found 1 plugins.
Preloading 0 native plugins for Editor in 0.00 ms.
Mono: successfully reloaded assembly
- Completed reload, in  1.081 seconds
Platform modules already initialized, skipping
Refreshing native plugins compatible for Editor in 0.64 ms, found 1 plugins.
Preloading 0 native plugins for Editor in 0.00 ms.
Unloading 2666 Unused Serialized files (Serialized files now loaded: 0)
System memory in use before: 102.3 MB.
System memory in use after: 102.5 MB.

Unloading 10 unused Assets to reduce memory usage. Loaded Objects now: 3182.
Total: 2.025900 ms (FindLiveObjects: 0.323900 ms CreateObjectMapping: 0.190500 ms MarkObjects: 1.442200 ms  DeleteObjects: 0.067900 ms)

========================================================================
Received Import Request.
  Time since last request: 203.659226 seconds.
  path: Assets/Prefabs/Projectile/PlayerProjectile.prefab
  artifactKey: Guid(625f6300d3efb384d9fd1ef931d95206) Importer(815301076,1909f56bfc062723c751e8b465ee728b)
Start importing Assets/Prefabs/Projectile/PlayerProjectile.prefab using Guid(625f6300d3efb384d9fd1ef931d95206) Importer(815301076,1909f56bfc062723c751e8b465ee728b)  -> (artifact id: '920964bdc00bff22bb7e136702c87013') in 0.067711 seconds 
========================================================================
Received Prepare
Registering precompiled user dll's ...
Registered in 0.003078 seconds.
Begin MonoManager ReloadAssembly
Native extension for WindowsStandalone target not found
Refreshing native plugins compatible for Editor in 0.40 ms, found 1 plugins.
Preloading 0 native plugins for Editor in 0.00 ms.
Mono: successfully reloaded assembly
- Completed reload, in  0.945 seconds
Platform modules already initialized, skipping
Refreshing native plugins compatible for Editor in 0.88 ms, found 1 plugins.
Preloading 0 native plugins for Editor in 0.00 ms.
Unloading 2666 Unused Serialized files (Serialized files now loaded: 0)
System memory in use before: 102.3 MB.
System memory in use after: 102.5 MB.

Unloading 10 unused Assets to reduce memory usage. Loaded Objects now: 3186.
Total: 3.615400 ms (FindLiveObjects: 0.382300 ms CreateObjectMapping: 0.278100 ms MarkObjects: 2.909300 ms  DeleteObjects: 0.044500 ms)

========================================================================
Received Import Request.
  Time since last request: 29.352838 seconds.
  path: Assets/Prefabs/Projectile/EnemyProjectile.prefab
  artifactKey: Guid(ea1d69372493f5743bb7c4165a6e5df8) Importer(815301076,1909f56bfc062723c751e8b465ee728b)
Start importing Assets/Prefabs/Projectile/EnemyProjectile.prefab using Guid(ea1d69372493f5743bb7c4165a6e5df8) Importer(815301076,1909f56bfc062723c751e8b465ee728b)  -> (artifact id: '5e8498000c10a81748bbbc7b46a07123') in 0.047624 seconds 
========================================================================
Received Prepare
Registering precompiled user dll's ...
Registered in 0.003008 seconds.
Begin MonoManager ReloadAssembly
Native extension for WindowsStandalone target not found
Refreshing native plugins compatible for Editor in 1.57 ms, found 1 plugins.
Preloading 0 native plugins for Editor in 0.00 ms.
Mono: successfully reloaded assembly
- Completed reload, in  0.974 seconds
Platform modules already initialized, skipping
Refreshing native plugins compatible for Editor in 0.62 ms, found 1 plugins.
Preloading 0 native plugins for Editor in 0.00 ms.
Unloading 2666 Unused Serialized files (Serialized files now loaded: 0)
System memory in use before: 102.3 MB.
System memory in use after: 102.5 MB.

Unloading 10 unused Assets to reduce memory usage. Loaded Objects now: 3190.
Total: 1.912700 ms (FindLiveObjects: 0.202500 ms CreateObjectMapping: 0.140800 ms MarkObjects: 1.525600 ms  DeleteObjects: 0.042700 ms)

========================================================================
Received Prepare
Registering precompiled user dll's ...
Registered in 0.003560 seconds.
Begin MonoManager ReloadAssembly
Native extension for WindowsStandalone target not found
Refreshing native plugins compatible for Editor in 0.39 ms, found 1 plugins.
Preloading 0 native plugins for Editor in 0.00 ms.
Mono: successfully reloaded assembly
- Completed reload, in  1.124 seconds
Platform modules already initialized, skipping
Refreshing native plugins compatible for Editor in 0.48 ms, found 1 plugins.
Preloading 0 native plugins for Editor in 0.00 ms.
Unloading 2666 Unused Serialized files (Serialized files now loaded: 0)
System memory in use before: 102.3 MB.
System memory in use after: 102.5 MB.

Unloading 10 unused Assets to reduce memory usage. Loaded Objects now: 3193.
Total: 2.583000 ms (FindLiveObjects: 0.289800 ms CreateObjectMapping: 0.200800 ms MarkObjects: 2.039600 ms  DeleteObjects: 0.051600 ms)

========================================================================
Received Prepare
Registering precompiled user dll's ...
Registered in 0.004084 seconds.
Begin MonoManager ReloadAssembly
Native extension for WindowsStandalone target not found
Refreshing native plugins compatible for Editor in 0.44 ms, found 1 plugins.
Preloading 0 native plugins for Editor in 0.00 ms.
Mono: successfully reloaded assembly
- Completed reload, in  1.104 seconds
Platform modules already initialized, skipping
Refreshing native plugins compatible for Editor in 3.76 ms, found 1 plugins.
Preloading 0 native plugins for Editor in 0.00 ms.
Unloading 2666 Unused Serialized files (Serialized files now loaded: 0)
System memory in use before: 102.3 MB.
System memory in use after: 102.5 MB.

Unloading 10 unused Assets to reduce memory usage. Loaded Objects now: 3196.
Total: 2.591700 ms (FindLiveObjects: 0.188400 ms CreateObjectMapping: 0.109900 ms MarkObjects: 2.243500 ms  DeleteObjects: 0.048700 ms)

========================================================================
Received Prepare
Registering precompiled user dll's ...
Registered in 0.002374 seconds.
Begin MonoManager ReloadAssembly
Native extension for WindowsStandalone target not found
Refreshing native plugins compatible for Editor in 0.70 ms, found 1 plugins.
Preloading 0 native plugins for Editor in 0.00 ms.
Mono: successfully reloaded assembly
- Completed reload, in  0.941 seconds
Platform modules already initialized, skipping
Refreshing native plugins compatible for Editor in 0.66 ms, found 1 plugins.
Preloading 0 native plugins for Editor in 0.00 ms.
Unloading 2666 Unused Serialized files (Serialized files now loaded: 0)
System memory in use before: 102.3 MB.
System memory in use after: 102.5 MB.

Unloading 10 unused Assets to reduce memory usage. Loaded Objects now: 3199.
Total: 4.983600 ms (FindLiveObjects: 0.182300 ms CreateObjectMapping: 0.109400 ms MarkObjects: 4.542700 ms  DeleteObjects: 0.148000 ms)

========================================================================
Received Prepare
Registering precompiled user dll's ...
Registered in 0.004227 seconds.
Begin MonoManager ReloadAssembly
Native extension for WindowsStandalone target not found
Refreshing native plugins compatible for Editor in 0.39 ms, found 1 plugins.
Preloading 0 native plugins for Editor in 0.00 ms.
Mono: successfully reloaded assembly
- Completed reload, in  1.085 seconds
Platform modules already initialized, skipping
Refreshing native plugins compatible for Editor in 0.70 ms, found 1 plugins.
Preloading 0 native plugins for Editor in 0.00 ms.
Unloading 2666 Unused Serialized files (Serialized files now loaded: 0)
System memory in use before: 102.4 MB.
System memory in use after: 102.6 MB.

Unloading 10 unused Assets to reduce memory usage. Loaded Objects now: 3202.
Total: 3.445800 ms (FindLiveObjects: 0.298900 ms CreateObjectMapping: 0.132700 ms MarkObjects: 2.957500 ms  DeleteObjects: 0.054900 ms)

========================================================================
Received Import Request.
  Time since last request: 577.722363 seconds.
  path: Assets/Prefabs/Enemy/Enemy.prefab
  artifactKey: Guid(78be242c7bc52bc4dac519d5ce6d5a41) Importer(815301076,1909f56bfc062723c751e8b465ee728b)
Start importing Assets/Prefabs/Enemy/Enemy.prefab using Guid(78be242c7bc52bc4dac519d5ce6d5a41) Importer(815301076,1909f56bfc062723c751e8b465ee728b)  -> (artifact id: 'fc36594cac1493072977a467d6f27259') in 0.072026 seconds 
========================================================================
Received Prepare
Registering precompiled user dll's ...
Registered in 0.002854 seconds.
Begin MonoManager ReloadAssembly
Native extension for WindowsStandalone target not found
Refreshing native plugins compatible for Editor in 0.40 ms, found 1 plugins.
Preloading 0 native plugins for Editor in 0.00 ms.
Mono: successfully reloaded assembly
- Completed reload, in  0.906 seconds
Platform modules already initialized, skipping
Refreshing native plugins compatible for Editor in 0.42 ms, found 1 plugins.
Preloading 0 native plugins for Editor in 0.00 ms.
Unloading 2666 Unused Serialized files (Serialized files now loaded: 0)
System memory in use before: 102.4 MB.
System memory in use after: 102.6 MB.

Unloading 10 unused Assets to reduce memory usage. Loaded Objects now: 3206.
Total: 1.755000 ms (FindLiveObjects: 0.170000 ms CreateObjectMapping: 0.096000 ms MarkObjects: 1.452900 ms  DeleteObjects: 0.035400 ms)

========================================================================
Received Prepare
Registering precompiled user dll's ...
Registered in 0.003840 seconds.
Begin MonoManager ReloadAssembly
Native extension for WindowsStandalone target not found
Refreshing native plugins compatible for Editor in 0.44 ms, found 1 plugins.
Preloading 0 native plugins for Editor in 0.00 ms.
Mono: successfully reloaded assembly
- Completed reload, in  1.087 seconds
Platform modules already initialized, skipping
Refreshing native plugins compatible for Editor in 0.66 ms, found 1 plugins.
Preloading 0 native plugins for Editor in 0.00 ms.
Unloading 2666 Unused Serialized files (Serialized files now loaded: 0)
System memory in use before: 102.4 MB.
System memory in use after: 102.6 MB.

Unloading 10 unused Assets to reduce memory usage. Loaded Objects now: 3209.
Total: 2.647300 ms (FindLiveObjects: 0.187900 ms CreateObjectMapping: 0.106200 ms MarkObjects: 2.303500 ms  DeleteObjects: 0.048600 ms)

========================================================================
Received Prepare
Registering precompiled user dll's ...
Registered in 0.005413 seconds.
Begin MonoManager ReloadAssembly
Native extension for WindowsStandalone target not found
Refreshing native plugins compatible for Editor in 0.63 ms, found 1 plugins.
Preloading 0 native plugins for Editor in 0.00 ms.
Mono: successfully reloaded assembly
- Completed reload, in  1.098 seconds
Platform modules already initialized, skipping
Refreshing native plugins compatible for Editor in 0.56 ms, found 1 plugins.
Preloading 0 native plugins for Editor in 0.00 ms.
Unloading 2666 Unused Serialized files (Serialized files now loaded: 0)
System memory in use before: 102.4 MB.
System memory in use after: 102.6 MB.

Unloading 10 unused Assets to reduce memory usage. Loaded Objects now: 3212.
Total: 5.500300 ms (FindLiveObjects: 0.206700 ms CreateObjectMapping: 0.111500 ms MarkObjects: 5.058300 ms  DeleteObjects: 0.122400 ms)

========================================================================
Received Prepare
Registering precompiled user dll's ...
Registered in 0.002589 seconds.
Begin MonoManager ReloadAssembly
Native extension for WindowsStandalone target not found
Refreshing native plugins compatible for Editor in 0.42 ms, found 1 plugins.
Preloading 0 native plugins for Editor in 0.00 ms.
Mono: successfully reloaded assembly
- Completed reload, in  0.944 seconds
Platform modules already initialized, skipping
Refreshing native plugins compatible for Editor in 0.82 ms, found 1 plugins.
Preloading 0 native plugins for Editor in 0.00 ms.
Unloading 2666 Unused Serialized files (Serialized files now loaded: 0)
System memory in use before: 102.4 MB.
System memory in use after: 102.6 MB.

Unloading 10 unused Assets to reduce memory usage. Loaded Objects now: 3215.
Total: 3.012600 ms (FindLiveObjects: 0.320000 ms CreateObjectMapping: 0.195200 ms MarkObjects: 2.455100 ms  DeleteObjects: 0.041200 ms)

========================================================================
Received Prepare
Registering precompiled user dll's ...
Registered in 0.002330 seconds.
Begin MonoManager ReloadAssembly
Native extension for WindowsStandalone target not found
Refreshing native plugins compatible for Editor in 0.39 ms, found 1 plugins.
Preloading 0 native plugins for Editor in 0.00 ms.
Mono: successfully reloaded assembly
- Completed reload, in  0.916 seconds
Platform modules already initialized, skipping
Refreshing native plugins compatible for Editor in 0.39 ms, found 1 plugins.
Preloading 0 native plugins for Editor in 0.00 ms.
Unloading 2666 Unused Serialized files (Serialized files now loaded: 0)
System memory in use before: 102.4 MB.
System memory in use after: 102.6 MB.

Unloading 10 unused Assets to reduce memory usage. Loaded Objects now: 3218.
Total: 1.520600 ms (FindLiveObjects: 0.182600 ms CreateObjectMapping: 0.089300 ms MarkObjects: 1.213600 ms  DeleteObjects: 0.034300 ms)

========================================================================
Received Prepare
Registering precompiled user dll's ...
Registered in 0.003237 seconds.
Begin MonoManager ReloadAssembly
Native extension for WindowsStandalone target not found
Refreshing native plugins compatible for Editor in 0.42 ms, found 1 plugins.
Preloading 0 native plugins for Editor in 0.00 ms.
Mono: successfully reloaded assembly
- Completed reload, in  0.955 seconds
Platform modules already initialized, skipping
Refreshing native plugins compatible for Editor in 0.43 ms, found 1 plugins.
Preloading 0 native plugins for Editor in 0.00 ms.
Unloading 2666 Unused Serialized files (Serialized files now loaded: 0)
System memory in use before: 102.4 MB.
System memory in use after: 102.6 MB.

Unloading 10 unused Assets to reduce memory usage. Loaded Objects now: 3221.
Total: 3.501100 ms (FindLiveObjects: 0.219900 ms CreateObjectMapping: 0.258400 ms MarkObjects: 2.984600 ms  DeleteObjects: 0.037300 ms)

========================================================================
Received Import Request.
  Time since last request: 623.860929 seconds.
  path: Assets/Prefabs/Player/Player.prefab
  artifactKey: Guid(6943cd4c188cd20479c9733b56787f30) Importer(815301076,1909f56bfc062723c751e8b465ee728b)
Start importing Assets/Prefabs/Player/Player.prefab using Guid(6943cd4c188cd20479c9733b56787f30) Importer(815301076,1909f56bfc062723c751e8b465ee728b)  -> (artifact id: '2c49424203ce39d14dc5bbf29c6cbf6e') in 0.100006 seconds 
========================================================================
Received Prepare
Registering precompiled user dll's ...
Registered in 0.006812 seconds.
Begin MonoManager ReloadAssembly
Native extension for WindowsStandalone target not found
Refreshing native plugins compatible for Editor in 0.43 ms, found 1 plugins.
Preloading 0 native plugins for Editor in 0.00 ms.
Mono: successfully reloaded assembly
- Completed reload, in  1.331 seconds
Platform modules already initialized, skipping
Refreshing native plugins compatible for Editor in 0.61 ms, found 1 plugins.
Preloading 0 native plugins for Editor in 0.00 ms.
Unloading 2666 Unused Serialized files (Serialized files now loaded: 0)
System memory in use before: 102.4 MB.
System memory in use after: 102.6 MB.

Unloading 10 unused Assets to reduce memory usage. Loaded Objects now: 3225.
Total: 2.877200 ms (FindLiveObjects: 0.416700 ms CreateObjectMapping: 0.240700 ms MarkObjects: 2.171400 ms  DeleteObjects: 0.046900 ms)

========================================================================
Received Prepare
Registering precompiled user dll's ...
Registered in 0.002392 seconds.
Begin MonoManager ReloadAssembly
Native extension for WindowsStandalone target not found
Refreshing native plugins compatible for Editor in 0.38 ms, found 1 plugins.
Preloading 0 native plugins for Editor in 0.00 ms.
Mono: successfully reloaded assembly
- Completed reload, in  0.936 seconds
Platform modules already initialized, skipping
Refreshing native plugins compatible for Editor in 0.39 ms, found 1 plugins.
Preloading 0 native plugins for Editor in 0.00 ms.
Unloading 2666 Unused Serialized files (Serialized files now loaded: 0)
System memory in use before: 102.4 MB.
System memory in use after: 102.6 MB.

Unloading 10 unused Assets to reduce memory usage. Loaded Objects now: 3228.
Total: 2.011200 ms (FindLiveObjects: 0.217600 ms CreateObjectMapping: 0.112400 ms MarkObjects: 1.639500 ms  DeleteObjects: 0.040800 ms)

========================================================================
Received Prepare
Registering precompiled user dll's ...
Registered in 0.003224 seconds.
Begin MonoManager ReloadAssembly
Native extension for WindowsStandalone target not found
Refreshing native plugins compatible for Editor in 0.38 ms, found 1 plugins.
Preloading 0 native plugins for Editor in 0.00 ms.
Mono: successfully reloaded assembly
- Completed reload, in  1.041 seconds
Platform modules already initialized, skipping
Refreshing native plugins compatible for Editor in 0.40 ms, found 1 plugins.
Preloading 0 native plugins for Editor in 0.00 ms.
Unloading 2666 Unused Serialized files (Serialized files now loaded: 0)
System memory in use before: 102.4 MB.
System memory in use after: 102.6 MB.

Unloading 10 unused Assets to reduce memory usage. Loaded Objects now: 3231.
Total: 1.951900 ms (FindLiveObjects: 0.175600 ms CreateObjectMapping: 0.102700 ms MarkObjects: 1.618700 ms  DeleteObjects: 0.053600 ms)

========================================================================
Received Import Request.
  Time since last request: 226.963080 seconds.
  path: Assets/Prefabs/Player/Player.prefab
  artifactKey: Guid(6943cd4c188cd20479c9733b56787f30) Importer(815301076,1909f56bfc062723c751e8b465ee728b)
Start importing Assets/Prefabs/Player/Player.prefab using Guid(6943cd4c188cd20479c9733b56787f30) Importer(815301076,1909f56bfc062723c751e8b465ee728b)  -> (artifact id: '06d51d618c0f51cb4adcc6fdba5bc557') in 0.077269 seconds 
========================================================================
Received Import Request.
  Time since last request: 1.501865 seconds.
  path: Assets/Prefabs/Player/Player.prefab
  artifactKey: Guid(6943cd4c188cd20479c9733b56787f30) Importer(815301076,1909f56bfc062723c751e8b465ee728b)
Start importing Assets/Prefabs/Player/Player.prefab using Guid(6943cd4c188cd20479c9733b56787f30) Importer(815301076,1909f56bfc062723c751e8b465ee728b)  -> (artifact id: 'f36745cd3e1f9779701a00bccb4efc29') in 0.018097 seconds 
========================================================================
Received Prepare
Registering precompiled user dll's ...
Registered in 0.002953 seconds.
Begin MonoManager ReloadAssembly
Native extension for WindowsStandalone target not found
Refreshing native plugins compatible for Editor in 0.42 ms, found 1 plugins.
Preloading 0 native plugins for Editor in 0.00 ms.
Mono: successfully reloaded assembly
- Completed reload, in  1.045 seconds
Platform modules already initialized, skipping
Refreshing native plugins compatible for Editor in 0.50 ms, found 1 plugins.
Preloading 0 native plugins for Editor in 0.00 ms.
Unloading 2666 Unused Serialized files (Serialized files now loaded: 0)
System memory in use before: 102.4 MB.
System memory in use after: 102.6 MB.

Unloading 10 unused Assets to reduce memory usage. Loaded Objects now: 3235.
Total: 4.130500 ms (FindLiveObjects: 0.331000 ms CreateObjectMapping: 0.201900 ms MarkObjects: 3.556200 ms  DeleteObjects: 0.040200 ms)

========================================================================
Received Prepare
Registering precompiled user dll's ...
Registered in 0.002979 seconds.
Begin MonoManager ReloadAssembly
Native extension for WindowsStandalone target not found
Refreshing native plugins compatible for Editor in 0.62 ms, found 1 plugins.
Preloading 0 native plugins for Editor in 0.00 ms.
Mono: successfully reloaded assembly
- Completed reload, in  1.439 seconds
Platform modules already initialized, skipping
Refreshing native plugins compatible for Editor in 0.48 ms, found 1 plugins.
Preloading 0 native plugins for Editor in 0.00 ms.
Unloading 2666 Unused Serialized files (Serialized files now loaded: 0)
System memory in use before: 102.4 MB.
System memory in use after: 102.6 MB.

Unloading 10 unused Assets to reduce memory usage. Loaded Objects now: 3238.
Total: 2.858900 ms (FindLiveObjects: 0.381600 ms CreateObjectMapping: 0.224400 ms MarkObjects: 2.213600 ms  DeleteObjects: 0.037900 ms)

========================================================================
Received Prepare
Registering precompiled user dll's ...
Registered in 0.003556 seconds.
Begin MonoManager ReloadAssembly
Native extension for WindowsStandalone target not found
Refreshing native plugins compatible for Editor in 0.45 ms, found 1 plugins.
Preloading 0 native plugins for Editor in 0.00 ms.
Mono: successfully reloaded assembly
- Completed reload, in  0.940 seconds
Platform modules already initialized, skipping
Refreshing native plugins compatible for Editor in 0.44 ms, found 1 plugins.
Preloading 0 native plugins for Editor in 0.00 ms.
Unloading 2666 Unused Serialized files (Serialized files now loaded: 0)
System memory in use before: 102.4 MB.
System memory in use after: 102.6 MB.

Unloading 10 unused Assets to reduce memory usage. Loaded Objects now: 3241.
Total: 2.775400 ms (FindLiveObjects: 0.332100 ms CreateObjectMapping: 0.208400 ms MarkObjects: 2.185300 ms  DeleteObjects: 0.048200 ms)

========================================================================
Received Prepare
Registering precompiled user dll's ...
Registered in 0.003717 seconds.
Begin MonoManager ReloadAssembly
Native extension for WindowsStandalone target not found
Refreshing native plugins compatible for Editor in 0.38 ms, found 1 plugins.
Preloading 0 native plugins for Editor in 0.00 ms.
Mono: successfully reloaded assembly
- Completed reload, in  1.106 seconds
Platform modules already initialized, skipping
Refreshing native plugins compatible for Editor in 0.42 ms, found 1 plugins.
Preloading 0 native plugins for Editor in 0.00 ms.
Unloading 2666 Unused Serialized files (Serialized files now loaded: 0)
System memory in use before: 102.4 MB.
System memory in use after: 102.6 MB.

Unloading 10 unused Assets to reduce memory usage. Loaded Objects now: 3244.
Total: 1.909900 ms (FindLiveObjects: 0.226200 ms CreateObjectMapping: 0.140400 ms MarkObjects: 1.502700 ms  DeleteObjects: 0.039600 ms)

========================================================================
Received Import Request.
  Time since last request: 826.471619 seconds.
  path: Assets/Scripts/MouseLook.cs
  artifactKey: Guid(cad834c47c811a84ca055bfeda095d9a) Importer(815301076,1909f56bfc062723c751e8b465ee728b)
Start importing Assets/Scripts/MouseLook.cs using Guid(cad834c47c811a84ca055bfeda095d9a) Importer(815301076,1909f56bfc062723c751e8b465ee728b)  -> (artifact id: 'e63a52c19a563546adc2981543650350') in 0.009896 seconds 
========================================================================
Received Prepare
Registering precompiled user dll's ...
Registered in 0.002366 seconds.
Begin MonoManager ReloadAssembly
Native extension for WindowsStandalone target not found
Refreshing native plugins compatible for Editor in 0.38 ms, found 1 plugins.
Preloading 0 native plugins for Editor in 0.00 ms.
Mono: successfully reloaded assembly
- Completed reload, in  0.873 seconds
Platform modules already initialized, skipping
Refreshing native plugins compatible for Editor in 0.39 ms, found 1 plugins.
Preloading 0 native plugins for Editor in 0.00 ms.
Unloading 2666 Unused Serialized files (Serialized files now loaded: 0)
System memory in use before: 102.4 MB.
System memory in use after: 102.6 MB.

Unloading 10 unused Assets to reduce memory usage. Loaded Objects now: 3247.
Total: 2.046400 ms (FindLiveObjects: 0.215300 ms CreateObjectMapping: 0.336900 ms MarkObjects: 1.455500 ms  DeleteObjects: 0.037700 ms)

AssetImportWorkerClient::OnTransportError - code=2 error=End of file
